<?xml version="1.0" encoding="UTF-8"?>
<robot generator="Robot 6.1.1 (Python 3.9.13 on win32)" generated="20230904 15:26:38.296" rpa="false" schemaversion="4">
<suite id="s1" name="Registration2 Testcase2" source="C:\Users\MesiaMary A-1957\PycharmProjects\MyProject_robot\Framework\TestCycles\Module _1_ folder\testscenario\registration2_testcase2.robot">
<test id="s1-t1" name="TestCasse For Second Registration Page" line="7">
<kw name="Open Second Registration Page" library="registrationPO">
<kw name="Open Browser" library="SeleniumLibrary">
<arg>${reg_URL_2}</arg>
<arg>${BROWSER}</arg>
<doc>Opens a new browser instance to the optional ``url``.</doc>
<msg timestamp="20230904 15:26:38.795" level="INFO">Opening browser 'chrome' to base url 'https://www.letskodeit.com/register'.</msg>
<status status="PASS" starttime="20230904 15:26:38.795" endtime="20230904 15:26:44.363"/>
</kw>
<status status="PASS" starttime="20230904 15:26:38.794" endtime="20230904 15:26:44.364"/>
</kw>
<kw name="Maximize Browser URL" library="common_keywords">
<kw name="Maximize Browser Window" library="SeleniumLibrary">
<doc>Maximizes current browser window.</doc>
<msg timestamp="20230904 15:26:44.379" level="WARN">Keyword 'Capture Page Screenshot' could not be run on failure: Message: no such window: target window already closed
from unknown error: web view not found
  (Session info: chrome=116.0.5845.141)
Stacktrace:
	GetHandleVerifier [0x00007FF6D5C852A2+57122]
	(No symbol) [0x00007FF6D5BFEA92]
	(No symbol) [0x00007FF6D5ACE3AB]
	(No symbol) [0x00007FF6D5AAE1B9]
	(No symbol) [0x00007FF6D5B2B417]
	(No symbol) [0x00007FF6D5B3E24F]
	(No symbol) [0x00007FF6D5B26DB3]
	(No symbol) [0x00007FF6D5AFD2B1]
	(No symbol) [0x00007FF6D5AFE494]
	GetHandleVerifier [0x00007FF6D5F2EF82+2849794]
	GetHandleVerifier [0x00007FF6D5F81D24+3189156]
	GetHandleVerifier [0x00007FF6D5F7ACAF+3160367]
	GetHandleVerifier [0x00007FF6D5D16D06+653702]
	(No symbol) [0x00007FF6D5C0A208]
	(No symbol) [0x00007FF6D5C062C4]
	(No symbol) [0x00007FF6D5C063F6]
	(No symbol) [0x00007FF6D5BF67A3]
	BaseThreadInitThunk [0x00007FF806707614+20]
	RtlUserThreadStart [0x00007FF807D426B1+33]
</msg>
<msg timestamp="20230904 15:26:44.384" level="FAIL">NoSuchWindowException: Message: no such window: target window already closed
from unknown error: web view not found
  (Session info: chrome=116.0.5845.141)
Stacktrace:
	GetHandleVerifier [0x00007FF6D5C852A2+57122]
	(No symbol) [0x00007FF6D5BFEA92]
	(No symbol) [0x00007FF6D5ACE3AB]
	(No symbol) [0x00007FF6D5AAE1B9]
	(No symbol) [0x00007FF6D5B2B417]
	(No symbol) [0x00007FF6D5B3E24F]
	(No symbol) [0x00007FF6D5B26DB3]
	(No symbol) [0x00007FF6D5AFD2B1]
	(No symbol) [0x00007FF6D5AFE494]
	GetHandleVerifier [0x00007FF6D5F2EF82+2849794]
	GetHandleVerifier [0x00007FF6D5F81D24+3189156]
	GetHandleVerifier [0x00007FF6D5F7ACAF+3160367]
	GetHandleVerifier [0x00007FF6D5D16D06+653702]
	(No symbol) [0x00007FF6D5C0A208]
	(No symbol) [0x00007FF6D5C062C4]
	(No symbol) [0x00007FF6D5C063F6]
	(No symbol) [0x00007FF6D5BF67A3]
	BaseThreadInitThunk [0x00007FF806707614+20]
	RtlUserThreadStart [0x00007FF807D426B1+33]
</msg>
<status status="FAIL" starttime="20230904 15:26:44.366" endtime="20230904 15:26:44.434"/>
</kw>
<kw name="Sleep" library="BuiltIn">
<arg>2</arg>
<doc>Pauses the test executed for the given time.</doc>
<status status="NOT RUN" starttime="20230904 15:26:44.434" endtime="20230904 15:26:44.435"/>
</kw>
<status status="FAIL" starttime="20230904 15:26:44.365" endtime="20230904 15:26:44.436"/>
</kw>
<kw name="Second Registration Information" library="registrationPO">
<status status="NOT RUN" starttime="20230904 15:26:44.436" endtime="20230904 15:26:44.437"/>
</kw>
<kw name="Unselect Frame" library="SeleniumLibrary">
<doc>Sets the main frame as the current frame.</doc>
<status status="NOT RUN" starttime="20230904 15:26:44.437" endtime="20230904 15:26:44.438"/>
</kw>
<kw name="Wait For Time" library="common_keywords">
<status status="NOT RUN" starttime="20230904 15:26:44.438" endtime="20230904 15:26:44.438"/>
</kw>
<kw name="Select Frame" library="SeleniumLibrary">
<arg>xpath:(//iframe[@title='reCAPTCHA'])[1]</arg>
<doc>Sets frame identified by ``locator`` as the current frame.</doc>
<status status="NOT RUN" starttime="20230904 15:26:44.438" endtime="20230904 15:26:44.439"/>
</kw>
<kw name="Select Capcha" library="registrationPO">
<status status="NOT RUN" starttime="20230904 15:26:44.439" endtime="20230904 15:26:44.439"/>
</kw>
<kw name="Sleep" library="BuiltIn">
<arg>60</arg>
<doc>Pauses the test executed for the given time.</doc>
<status status="NOT RUN" starttime="20230904 15:26:44.439" endtime="20230904 15:26:44.440"/>
</kw>
<kw name="Unselect Frame" library="SeleniumLibrary">
<doc>Sets the main frame as the current frame.</doc>
<status status="NOT RUN" starttime="20230904 15:26:44.440" endtime="20230904 15:26:44.440"/>
</kw>
<kw name="Click SignUp Button" library="registrationPO">
<status status="NOT RUN" starttime="20230904 15:26:44.440" endtime="20230904 15:26:44.441"/>
</kw>
<kw name="Wait For Time" library="common_keywords">
<status status="NOT RUN" starttime="20230904 15:26:44.441" endtime="20230904 15:26:44.441"/>
</kw>
<kw name="Close Browser URL" library="common_keywords">
<status status="NOT RUN" starttime="20230904 15:26:44.441" endtime="20230904 15:26:44.442"/>
</kw>
<status status="FAIL" starttime="20230904 15:26:38.794" endtime="20230904 15:26:44.442">NoSuchWindowException: Message: no such window: target window already closed
from unknown error: web view not found
  (Session info: chrome=116.0.5845.141)
Stacktrace:
	GetHandleVerifier [0x00007FF6D5C852A2+57122]
	(No symbol) [0x00007FF6D5BFEA92]
	(No symbol) [0x00007FF6D5ACE3AB]
	(No symbol) [0x00007FF6D5AAE1B9]
	(No symbol) [0x00007FF6D5B2B417]
	(No symbol) [0x00007FF6D5B3E24F]
	(No symbol) [0x00007FF6D5B26DB3]
	(No symbol) [0x00007FF6D5AFD2B1]
	(No symbol) [0x00007FF6D5AFE494]
	GetHandleVerifier [0x00007FF6D5F2EF82+2849794]
	GetHandleVerifier [0x00007FF6D5F81D24+3189156]
	GetHandleVerifier [0x00007FF6D5F7ACAF+3160367]
	GetHandleVerifier [0x00007FF6D5D16D06+653702]
	(No symbol) [0x00007FF6D5C0A208]
	(No symbol) [0x00007FF6D5C062C4]
	(No symbol) [0x00007FF6D5C063F6]
	(No symbol) [0x00007FF6D5BF67A3]
	BaseThreadInitThunk [0x00007FF806707614+20]
	RtlUserThreadStart [0x00007FF807D426B1+33]
</status>
</test>
<status status="FAIL" starttime="20230904 15:26:38.299" endtime="20230904 15:26:44.446"/>
</suite>
<statistics>
<total>
<stat pass="0" fail="1" skip="0">All Tests</stat>
</total>
<tag>
</tag>
<suite>
<stat pass="0" fail="1" skip="0" id="s1" name="Registration2 Testcase2">Registration2 Testcase2</stat>
</suite>
</statistics>
<errors>
<msg timestamp="20230904 15:26:44.379" level="WARN">Keyword 'Capture Page Screenshot' could not be run on failure: Message: no such window: target window already closed
from unknown error: web view not found
  (Session info: chrome=116.0.5845.141)
Stacktrace:
	GetHandleVerifier [0x00007FF6D5C852A2+57122]
	(No symbol) [0x00007FF6D5BFEA92]
	(No symbol) [0x00007FF6D5ACE3AB]
	(No symbol) [0x00007FF6D5AAE1B9]
	(No symbol) [0x00007FF6D5B2B417]
	(No symbol) [0x00007FF6D5B3E24F]
	(No symbol) [0x00007FF6D5B26DB3]
	(No symbol) [0x00007FF6D5AFD2B1]
	(No symbol) [0x00007FF6D5AFE494]
	GetHandleVerifier [0x00007FF6D5F2EF82+2849794]
	GetHandleVerifier [0x00007FF6D5F81D24+3189156]
	GetHandleVerifier [0x00007FF6D5F7ACAF+3160367]
	GetHandleVerifier [0x00007FF6D5D16D06+653702]
	(No symbol) [0x00007FF6D5C0A208]
	(No symbol) [0x00007FF6D5C062C4]
	(No symbol) [0x00007FF6D5C063F6]
	(No symbol) [0x00007FF6D5BF67A3]
	BaseThreadInitThunk [0x00007FF806707614+20]
	RtlUserThreadStart [0x00007FF807D426B1+33]
</msg>
</errors>
</robot>
